[00:00:00] [Server thread/INFO] [tombstone]: All players have been successfully backed up
[00:06:46] [Aromabackup-Backup/OFF] [Aroma1997Core]: Message to players; Message: Starting Backup. The server may lag for a bit!
[00:06:46] [Aromabackup-Backup/INFO] [net.minecraft.server.dedicated.DedicatedServer]: [AromaBackup] Starting Backup. The server may lag for a bit!
[00:06:48] [Server thread/INFO] [net.minecraft.world.chunk.storage.AnvilChunkLoader]: ThreadedAnvilChunkStorage (world): All chunks are saved
[00:06:48] [Server thread/INFO] [net.minecraft.world.chunk.storage.AnvilChunkLoader]: ThreadedAnvilChunkStorage (DIM2): All chunks are saved
[00:06:50] [Aromabackup-Backup/INFO] [AromaBackup]: Deleted backup .\backups\world\Backup--world--2020-03-25--19-49.zip.
[00:06:50] [Aromabackup-Backup/OFF] [Aroma1997Core]: Message to players; Message: Server Backup done!
[00:06:50] [Aromabackup-Backup/INFO] [net.minecraft.server.dedicated.DedicatedServer]: [AromaBackup] Server Backup done!
[00:36:46] [Aromabackup-Backup/OFF] [Aroma1997Core]: Message to players; Message: Starting Backup. The server may lag for a bit!
[00:36:46] [Aromabackup-Backup/INFO] [net.minecraft.server.dedicated.DedicatedServer]: [AromaBackup] Starting Backup. The server may lag for a bit!
[00:36:48] [Server thread/INFO] [net.minecraft.world.chunk.storage.AnvilChunkLoader]: ThreadedAnvilChunkStorage (world): All chunks are saved
[00:36:48] [Server thread/INFO] [net.minecraft.world.chunk.storage.AnvilChunkLoader]: ThreadedAnvilChunkStorage (DIM2): All chunks are saved
[00:36:50] [Aromabackup-Backup/INFO] [AromaBackup]: Deleted backup .\backups\world\Backup--world--2020-03-25--19-51.zip.
[00:36:50] [Aromabackup-Backup/OFF] [Aroma1997Core]: Message to players; Message: Server Backup done!
[00:36:50] [Aromabackup-Backup/INFO] [net.minecraft.server.dedicated.DedicatedServer]: [AromaBackup] Server Backup done!
[01:00:00] [Server thread/INFO] [tombstone]: All players have been successfully backed up
[01:06:46] [Aromabackup-Backup/OFF] [Aroma1997Core]: Message to players; Message: Starting Backup. The server may lag for a bit!
[01:06:46] [Aromabackup-Backup/INFO] [net.minecraft.server.dedicated.DedicatedServer]: [AromaBackup] Starting Backup. The server may lag for a bit!
[01:06:48] [Server thread/INFO] [net.minecraft.world.chunk.storage.AnvilChunkLoader]: ThreadedAnvilChunkStorage (world): All chunks are saved
[01:06:48] [Server thread/INFO] [net.minecraft.world.chunk.storage.AnvilChunkLoader]: ThreadedAnvilChunkStorage (DIM2): All chunks are saved
[01:06:50] [Aromabackup-Backup/INFO] [AromaBackup]: Deleted backup .\backups\world\Backup--world--2020-03-25--20-19.zip.
[01:06:50] [Aromabackup-Backup/OFF] [Aroma1997Core]: Message to players; Message: Server Backup done!
[01:06:50] [Aromabackup-Backup/INFO] [net.minecraft.server.dedicated.DedicatedServer]: [AromaBackup] Server Backup done!
[01:13:20] [Server thread/INFO] [net.minecraft.server.dedicated.DedicatedServer]: [DrMonkeyifyed: Set own game mode to Creative Mode]
[01:14:58] [Server thread/INFO] [net.minecraft.server.dedicated.DedicatedServer]: [DrMonkeyifyed: Set own game mode to Survival Mode]
[01:26:10] [Server thread/INFO] [net.minecraft.server.dedicated.DedicatedServer]: [DrMonkeyifyed: Set own game mode to Creative Mode]
[01:27:04] [Server thread/INFO] [net.minecraft.server.dedicated.DedicatedServer]: [DrMonkeyifyed: Set own game mode to Survival Mode]
[01:29:47] [Server thread/WARN] [net.minecraft.network.NetHandlerPlayServer]: DrMonkeyifyed moved too quickly! 0.0,334.75871449350564,0.0
[01:36:46] [Aromabackup-Backup/OFF] [Aroma1997Core]: Message to players; Message: Starting Backup. The server may lag for a bit!
[01:36:46] [Aromabackup-Backup/INFO] [net.minecraft.server.dedicated.DedicatedServer]: [AromaBackup] Starting Backup. The server may lag for a bit!
[01:36:48] [Server thread/INFO] [net.minecraft.world.chunk.storage.AnvilChunkLoader]: ThreadedAnvilChunkStorage (world): All chunks are saved
[01:36:48] [Server thread/INFO] [net.minecraft.world.chunk.storage.AnvilChunkLoader]: ThreadedAnvilChunkStorage (DIM2): All chunks are saved
[01:36:50] [Aromabackup-Backup/INFO] [AromaBackup]: Deleted backup .\backups\world\Backup--world--2020-03-25--20-49.zip.
[01:36:50] [Aromabackup-Backup/OFF] [Aroma1997Core]: Message to players; Message: Server Backup done!
[01:36:50] [Aromabackup-Backup/INFO] [net.minecraft.server.dedicated.DedicatedServer]: [AromaBackup] Server Backup done!
[01:39:54] [Server thread/INFO] [net.minecraft.server.dedicated.DedicatedServer]: [DrMonkeyifyed: Set own game mode to Creative Mode]
[01:42:11] [Server thread/INFO] [net.minecraft.server.dedicated.DedicatedServer]: [DrMonkeyifyed: Set own game mode to Survival Mode]
[01:43:10] [Server thread/INFO] [net.minecraft.server.dedicated.DedicatedServer]: [DrMonkeyifyed: Set own game mode to Creative Mode]
[01:44:57] [Server thread/INFO] [net.minecraft.server.dedicated.DedicatedServer]: [DrMonkeyifyed: Set own game mode to Survival Mode]
[01:46:48] [Server thread/INFO] [net.minecraft.server.dedicated.DedicatedServer]: [DrMonkeyifyed: Set own game mode to Creative Mode]
[01:48:28] [Server thread/INFO] [net.minecraft.server.dedicated.DedicatedServer]: [DrMonkeyifyed: Set own game mode to Survival Mode]
[01:48:38] [Server thread/INFO] [net.minecraft.server.dedicated.DedicatedServer]: [DrMonkeyifyed: Set own game mode to Creative Mode]
[01:49:01] [Server thread/INFO] [net.minecraft.server.dedicated.DedicatedServer]: [DrMonkeyifyed: Set own game mode to Survival Mode]
[01:51:29] [Server thread/WARN] [net.minecraft.network.NetHandlerPlayServer]: DrMonkeyifyed moved too quickly! 0.0,332.48562501094017,0.0
[01:51:31] [Server thread/INFO] [net.minecraft.server.dedicated.DedicatedServer]: [DrMonkeyifyed: Set own game mode to Creative Mode]
[01:51:56] [Server thread/INFO] [net.minecraft.server.dedicated.DedicatedServer]: [DrMonkeyifyed: Set own game mode to Survival Mode]
[01:52:29] [Server thread/INFO] [net.minecraft.server.dedicated.DedicatedServer]: [DrMonkeyifyed: Set own game mode to Creative Mode]
[01:52:38] [Server thread/INFO] [net.minecraft.server.dedicated.DedicatedServer]: [DrMonkeyifyed: Set own game mode to Survival Mode]
[01:54:22] [Server thread/INFO] [net.minecraft.server.dedicated.DedicatedServer]: [DrMonkeyifyed: Set own game mode to Creative Mode]
[01:54:39] [Server thread/INFO] [net.minecraft.server.dedicated.DedicatedServer]: [DrMonkeyifyed: Set own game mode to Survival Mode]
[02:00:00] [Server thread/INFO] [tombstone]: All players have been successfully backed up
[02:06:46] [Aromabackup-Backup/OFF] [Aroma1997Core]: Message to players; Message: Starting Backup. The server may lag for a bit!
[02:06:46] [Aromabackup-Backup/INFO] [net.minecraft.server.dedicated.DedicatedServer]: [AromaBackup] Starting Backup. The server may lag for a bit!
[02:06:48] [Server thread/INFO] [net.minecraft.world.chunk.storage.AnvilChunkLoader]: ThreadedAnvilChunkStorage (world): All chunks are saved
[02:06:48] [Server thread/INFO] [net.minecraft.world.chunk.storage.AnvilChunkLoader]: ThreadedAnvilChunkStorage (DIM2): All chunks are saved
[02:06:50] [Aromabackup-Backup/INFO] [AromaBackup]: Deleted backup .\backups\world\Backup--world--2020-03-25--21-19.zip.
[02:06:50] [Aromabackup-Backup/OFF] [Aroma1997Core]: Message to players; Message: Server Backup done!
[02:06:50] [Aromabackup-Backup/INFO] [net.minecraft.server.dedicated.DedicatedServer]: [AromaBackup] Server Backup done!
[02:20:57] [Server thread/WARN] [net.minecraft.network.NetHandlerPlayServer]: DrMonkeyifyed moved too quickly! 0.0,334.27404066959986,0.0
[02:32:23] [Server thread/INFO] [net.minecraft.server.dedicated.DedicatedServer]: DrMonkeyifyed has made the advancement [Who Stole the Cookies from the Cookie Jar?]
[02:33:37] [Server thread/INFO] [net.minecraft.network.NetHandlerPlayServer]: DrMonkeyifyed lost connection: Disconnected
[02:33:37] [Server thread/INFO] [net.minecraft.server.dedicated.DedicatedServer]: DrMonkeyifyed left the game
[02:33:41] [Server thread/INFO] [net.minecraft.server.dedicated.DedicatedServer]: Stopping the server
[02:33:41] [Server thread/INFO] [AromaBackup]: No backup in progress. No server delay needed.
[02:33:42] [Server thread/INFO] [Prestige]: Saving data for 672c2621-eb8b-419b-a43c-6e178313a19a.
[02:33:42] [Server thread/INFO] [Prestige]: Saving data for 8cbd3a4b-1df6-440a-8d5a-3632c1643299.
[02:33:42] [Server thread/INFO] [net.minecraft.server.MinecraftServer]: Stopping server
[02:33:42] [Server thread/INFO] [net.minecraft.server.MinecraftServer]: Saving players
[02:33:42] [Server thread/INFO] [net.minecraft.server.MinecraftServer]: Saving worlds
[02:33:42] [Server thread/INFO] [net.minecraft.server.MinecraftServer]: Saving chunks for level 'world'/DIM_0
[02:33:42] [Server thread/INFO] [net.minecraft.server.MinecraftServer]: Saving chunks for level 'world'/Storage Cell
[02:33:42] [Server thread/INFO] [FML]: Unloading dimension 0
[02:33:42] [Server thread/INFO] [FML]: Unloading dimension 2
[02:33:42] [Server thread/INFO] [fluxnetworks]: FluxNetworkData has been unloaded
[02:33:42] [Server thread/INFO] [fluxnetworks]: Cleared Network Caches
[02:33:42] [Server thread/INFO] [mcjty.lib.varia.Logging]: Cleaning up all world data: 1 data blobs
[02:33:42] [Server thread/INFO] [nuclearcraft]: Server Closing...
[02:33:42] [Server thread/INFO] [Parabox]: Saving Parabox world data.
[02:33:42] [Server thread/INFO] [practicallogistics2]: Cleared Server Info Handler
[02:33:42] [Server thread/INFO] [practicallogistics2]: Cleared Network Handler
[02:33:42] [Server thread/INFO] [practicallogistics2]: Cleared Data Factory
[02:33:42] [Server thread/INFO] [practicallogistics2]: Cleared Wireless Data Manager
[02:33:42] [Server thread/INFO] [practicallogistics2]: Cleared Wireless Redstone Manager
[02:33:42] [Server thread/INFO] [practicallogistics2]: Cleared Cable Connection Handler
[02:33:42] [Server thread/INFO] [practicallogistics2]: Cleared Redstone Connection Handler
[02:33:42] [Server thread/INFO] [practicallogistics2]: Cleared Server Display Handler
[02:33:42] [Server thread/INFO] [practicallogistics2]: Cleared Chunk Viewer Handler
[02:33:42] [Server thread/INFO] [topography]: Cleaning up
[02:33:42] [Server thread/INFO] [topography]: Unregistering Dimension 0
[02:33:42] [Server thread/INFO] [topography]: Registering Dimension 0
[02:33:42] [Server thread/INFO] [topography]: Unregistering Dimension -1
[02:33:42] [Server thread/INFO] [topography]: Registering Dimension -1
[02:33:42] [Server thread/INFO] [topography]: Done clean-up
[02:33:42] [Server Shutdown Thread/INFO] [net.minecraft.server.MinecraftServer]: Stopping server
[02:33:42] [Server Shutdown Thread/INFO] [net.minecraft.server.MinecraftServer]: Saving players
[02:33:42] [Server Shutdown Thread/INFO] [net.minecraft.server.MinecraftServer]: Saving worlds
